2021-10-27 18:02:25,745 Requests 42 DEBUG 发送post请求
2021-10-27 18:02:26,659 AssertUtil 23 ERROR code error,code is 400,except_code is 200
2021-10-27 18:05:51,386 Requests 42 DEBUG 发送post请求
2021-10-27 18:05:52,002 AssertUtil 23 ERROR code error,code is 400,except_code is 200
2021-10-27 18:09:01,127 Requests 42 DEBUG 发送post请求
2021-10-27 18:09:02,204 AssertUtil 23 ERROR code error,code is 400,except_code is 200
2021-10-27 18:13:32,555 Requests 42 DEBUG 发送post请求
2021-10-27 18:13:33,463 AssertUtil 23 ERROR code error,code is 400,except_code is 200
2021-10-27 18:15:46,397 Requests 42 DEBUG 发送post请求
2021-10-27 18:15:47,313 AssertUtil 23 ERROR code error,code is 400,except_code is 200
2021-10-27 18:16:22,457 Requests 42 DEBUG 发送post请求
2021-10-27 18:16:23,469 AssertUtil 23 ERROR code error,code is 400,except_code is 200
2021-10-27 18:23:47,930 Requests 42 DEBUG 发送post请求
2021-10-27 18:23:49,065 AssertUtil 23 ERROR code error,code is 400,except_code is 200
2021-10-27 18:30:07,230 Requests 42 DEBUG 发送post请求
2021-10-27 18:31:32,169 Requests 42 DEBUG 发送post请求
2021-10-27 18:36:15,906 Requests 42 DEBUG 发送post请求
2021-10-27 21:07:36,628 Requests 42 DEBUG 发送post请求
2021-10-27 21:08:41,859 Requests 42 DEBUG 发送post请求
2021-10-27 21:20:12,169 Requests 42 DEBUG 发送post请求
2021-10-27 21:21:07,688 Requests 42 DEBUG 发送post请求
2021-10-27 21:26:28,695 Requests 42 DEBUG 发送post请求
2021-10-27 21:57:35,952 Requests 42 DEBUG 发送post请求
2021-10-27 21:57:36,896 Requests 42 DEBUG 发送post请求
2021-10-27 21:58:49,364 Requests 42 DEBUG 发送post请求
2021-10-27 21:58:50,411 Requests 42 DEBUG 发送post请求
2021-10-27 22:01:42,035 Requests 42 DEBUG 发送post请求
2021-10-27 22:01:43,023 Requests 42 DEBUG 发送post请求
2021-10-27 22:03:39,817 Requests 42 DEBUG 发送post请求
2021-10-27 22:03:41,084 Requests 42 DEBUG 发送post请求
2021-10-27 22:03:42,144 AssertUtil 37 ERROR body error,body is [{'value': '', 'msg': 'Invalid value', 'param': 'chain', 'location': 'body'}],except_body is {'errors': [{'value': '', 'msg': 'Invalid value', 'param': 'chain', 'location': 'body'}]}
2021-10-27 22:04:37,063 Requests 42 DEBUG 发送post请求
2021-10-27 22:04:38,495 Requests 42 DEBUG 发送post请求
2021-10-27 22:06:38,009 Requests 42 DEBUG 发送post请求
2021-10-27 22:06:39,227 Requests 42 DEBUG 发送post请求
2021-10-27 22:10:13,011 Requests 42 DEBUG 发送post请求
2021-10-27 22:10:13,888 Requests 44 DEBUG 发送的data数据==>> {"chain": "ethereum", "network": "rinkeby"}
2021-10-27 22:10:13,909 Requests 42 DEBUG 发送post请求
2021-10-27 22:10:15,447 Requests 44 DEBUG 发送的data数据==>> {"chain": "", "network": "rinkeby"}
2021-10-27 22:12:04,167 Requests 42 DEBUG 发送post请求
2021-10-27 22:12:05,987 Requests 44 DEBUG 发送的data数据==>> {"chain": "ethereum", "network": "rinkeby"}
2021-10-27 22:12:06,002 Requests 42 DEBUG 发送post请求
2021-10-27 22:12:07,985 Requests 44 DEBUG 发送的data数据==>> {"chain": "", "network": "rinkeby"}
2021-10-27 22:12:08,170 Requests 42 DEBUG 发送post请求
2021-10-27 22:12:09,901 Requests 44 DEBUG 发送的data数据==>> {"chain": "ethereum", "network": ""}
2021-10-27 22:12:42,835 Requests 42 DEBUG 发送post请求
2021-10-27 22:12:43,566 Requests 44 DEBUG 发送的data数据==>> {"chain": "ethereum", "network": "rinkeby"}
2021-10-27 22:12:43,581 Requests 42 DEBUG 发送post请求
2021-10-27 22:12:45,176 Requests 44 DEBUG 发送的data数据==>> {"chain": "", "network": "rinkeby"}
2021-10-27 22:12:45,207 Requests 42 DEBUG 发送post请求
2021-10-27 22:12:46,978 Requests 44 DEBUG 发送的data数据==>> {"chain": "ethereum", "network": ""}
2021-10-27 22:23:19,462 Requests 42 DEBUG 发送post请求
2021-10-27 22:23:20,860 Requests 44 DEBUG 发送的data数据==>> {"chain": "ethereum", "network": "rinkeby"}
2021-10-27 22:23:20,883 Requests 42 DEBUG 发送post请求
2021-10-27 22:23:21,589 Requests 44 DEBUG 发送的data数据==>> {"chain": "", "network": "rinkeby"}
2021-10-27 22:23:21,620 Requests 42 DEBUG 发送post请求
2021-10-27 22:23:22,345 Requests 44 DEBUG 发送的data数据==>> {"chain": "ethereum", "network": ""}
2021-10-27 22:23:22,369 Requests 42 DEBUG 发送post请求
2021-10-27 22:23:24,393 Requests 44 DEBUG 发送的data数据==>> {"chain": "ethereum", "network": ""}
2021-10-27 22:23:24,393 AssertUtil 23 ERROR code error,code is 401,except_code is 400
2021-10-27 22:23:57,069 Requests 42 DEBUG 发送post请求
2021-10-27 22:23:57,871 Requests 44 DEBUG 发送的data数据==>> {"chain": "ethereum", "network": "rinkeby"}
2021-10-27 22:23:57,896 Requests 42 DEBUG 发送post请求
2021-10-27 22:23:58,588 Requests 44 DEBUG 发送的data数据==>> {"chain": "", "network": "rinkeby"}
2021-10-27 22:23:58,609 Requests 42 DEBUG 发送post请求
2021-10-27 22:23:59,662 Requests 44 DEBUG 发送的data数据==>> {"chain": "ethereum", "network": ""}
2021-10-27 22:23:59,695 Requests 42 DEBUG 发送post请求
2021-10-27 22:24:00,537 Requests 44 DEBUG 发送的data数据==>> {"chain": "ethereum", "network": "rinkeby"}
2021-10-27 22:24:00,538 AssertUtil 23 ERROR code error,code is 401,except_code is 400
